<?xml version="1.0" encoding="UTF-8"?>
<testsuite xmlns:xsi="http://www.w3.org/2001/XMLSchema-instance" xsi:noNamespaceSchemaLocation="https://maven.apache.org/surefire/maven-surefire-plugin/xsd/surefire-test-report-3.0.xsd" version="3.0" name="com.yt.sso.model.SsoUserTest" time="0.026" tests="5" errors="0" skipped="0" failures="0">
  <properties>
[...]
</properties>
  <testcase name="testBuilderDefaultExtra" classname="com.yt.sso.model.SsoUserTest" time="0.011"/>
  <testcase name="testNoArgsConstructor" classname="com.yt.sso.model.SsoUserTest" time="0.001"/>
  <testcase name="testSourcePlatform" classname="com.yt.sso.model.SsoUserTest" time="0.001"/>
  <testcase name="testBuilderAllFields" classname="com.yt.sso.model.SsoUserTest" time="0.001"/>
  <testcase name="testUnionIdNullByDefault" classname="com.yt.sso.model.SsoUserTest" time="0.001"/>
</testsuite>